[Wed Dec 24 13:51:43 2014] [info] Listening at "http://*:3000".
[Wed Dec 24 13:51:51 2014] [debug] Your secret passphrase needs to be changed!!!
[Wed Dec 24 13:51:51 2014] [debug] GET "/".
[Wed Dec 24 13:51:51 2014] [debug] Routing to controller "AnkenKanri::WEB::Member::Root" and action "index".
[Wed Dec 24 13:51:51 2014] [debug] Template "member/root/index.html.ep" not found.
[Wed Dec 24 13:51:51 2014] [debug] Template "not_found.development.html.ep" not found.
[Wed Dec 24 13:51:51 2014] [debug] Template "not_found.html.ep" not found.
[Wed Dec 24 13:51:51 2014] [debug] Rendering inline template "3e3201ab0667c1fc7f39089209f0435c".
[Wed Dec 24 13:51:51 2014] [debug] Rendering inline template "b2d451b47e2053ce583cbfdf7bcc6006".
[Wed Dec 24 13:51:51 2014] [debug] 404 Not Found (0.156398s, 6.394/s).
[Wed Dec 24 13:55:16 2014] [info] Listening at "http://*:3000".
[Wed Dec 24 13:55:18 2014] [debug] Your secret passphrase needs to be changed!!!
[Wed Dec 24 13:55:18 2014] [debug] GET "/".
[Wed Dec 24 13:55:18 2014] [debug] Routing to controller "AnkenKanri::WEB::Member::Root" and action "index".
[Wed Dec 24 13:55:18 2014] [debug] Rendering template "member/root/index.html.ep".
[Wed Dec 24 13:55:18 2014] [error] Global symbol "$content" requires explicit package name at template member/root/index.html.ep line 3.
1: <!DOCTYPE html>
2: <html>
3: <pre><%= $content %></pre>
4: </html>

[Wed Dec 24 13:55:18 2014] [debug] Template "exception.development.html.ep" not found.
[Wed Dec 24 13:55:18 2014] [debug] Template "exception.html.ep" not found.
[Wed Dec 24 13:55:18 2014] [debug] Rendering inline template "3e3201ab0667c1fc7f39089209f0435c".
[Wed Dec 24 13:55:18 2014] [debug] Rendering inline template "b2d451b47e2053ce583cbfdf7bcc6006".
[Wed Dec 24 13:55:18 2014] [debug] 500 Internal Server Error (0.131386s, 7.611/s).
[Wed Dec 24 13:56:46 2014] [info] Listening at "http://*:3000".
[Wed Dec 24 13:56:48 2014] [debug] Your secret passphrase needs to be changed!!!
[Wed Dec 24 13:56:48 2014] [debug] GET "/".
[Wed Dec 24 13:56:48 2014] [debug] Routing to controller "AnkenKanri::WEB::Member::Root" and action "index".
[Wed Dec 24 13:56:48 2014] [debug] Rendering template "member/root/index.html.ep".
[Wed Dec 24 13:56:48 2014] [error] Global symbol "$content" requires explicit package name at template member/root/index.html.ep line 5.
1: layout 'default';
2: 
3: <!DOCTYPE html>
4: <html>
5: <pre><%= $content %></pre>
6: </html>

[Wed Dec 24 13:56:48 2014] [debug] Template "exception.development.html.ep" not found.
[Wed Dec 24 13:56:48 2014] [debug] Template "exception.html.ep" not found.
[Wed Dec 24 13:56:48 2014] [debug] Rendering inline template "3e3201ab0667c1fc7f39089209f0435c".
[Wed Dec 24 13:56:48 2014] [debug] Rendering inline template "b2d451b47e2053ce583cbfdf7bcc6006".
[Wed Dec 24 13:56:48 2014] [debug] 500 Internal Server Error (0.128575s, 7.778/s).
[Wed Dec 24 13:57:21 2014] [info] Listening at "http://*:3000".
[Wed Dec 24 13:57:23 2014] [debug] Your secret passphrase needs to be changed!!!
[Wed Dec 24 13:57:23 2014] [debug] GET "/".
[Wed Dec 24 13:57:23 2014] [debug] Routing to controller "AnkenKanri::WEB::Member::Root" and action "index".
[Wed Dec 24 13:57:23 2014] [debug] Rendering template "member/root/index.html.ep".
[Wed Dec 24 13:57:23 2014] [debug] 200 OK (0.092561s, 10.804/s).
[Wed Dec 24 13:58:35 2014] [info] Listening at "http://*:3000".
[Wed Dec 24 13:58:38 2014] [debug] Your secret passphrase needs to be changed!!!
[Wed Dec 24 13:58:38 2014] [debug] GET "/".
[Wed Dec 24 13:58:38 2014] [debug] Routing to controller "AnkenKanri::WEB::Member::Root" and action "index".
[Wed Dec 24 13:58:38 2014] [debug] Rendering template "member/root/index.html.ep".
[Wed Dec 24 13:58:38 2014] [debug] Rendering template "layouts/default.html.ep".
[Wed Dec 24 13:58:38 2014] [debug] 200 OK (0.097778s, 10.227/s).
[Wed Dec 24 14:14:48 2014] [info] Listening at "http://*:3000".
[Wed Dec 24 14:14:51 2014] [debug] Your secret passphrase needs to be changed!!!
[Wed Dec 24 14:14:51 2014] [debug] GET "/".
[Wed Dec 24 14:14:51 2014] [debug] Routing to controller "AnkenKanri::WEB::Member::Root" and action "index".
[Wed Dec 24 14:14:51 2014] [debug] Rendering template "member/root/index.html.ep".
[Wed Dec 24 14:14:51 2014] [debug] Rendering template "layouts/default.html.ep".
[Wed Dec 24 14:14:51 2014] [debug] 200 OK (0.092070s, 10.861/s).
[Wed Dec 24 14:14:53 2014] [debug] GET "/".
[Wed Dec 24 14:14:53 2014] [debug] Routing to controller "AnkenKanri::WEB::Member::Root" and action "index".
[Wed Dec 24 14:14:53 2014] [debug] Rendering cached template "member/root/index.html.ep".
[Wed Dec 24 14:14:53 2014] [debug] Rendering cached template "layouts/default.html.ep".
[Wed Dec 24 14:14:53 2014] [debug] 200 OK (0.011448s, 87.352/s).
[Wed Dec 24 14:16:08 2014] [info] Listening at "http://*:3000".
[Wed Dec 24 14:16:10 2014] [debug] Your secret passphrase needs to be changed!!!
[Wed Dec 24 14:16:10 2014] [debug] GET "/".
[Wed Dec 24 14:16:10 2014] [error] syntax error at /cygdrive/c/Users/J34437/work/carton_test/anken_kanri_web/script/../lib/AnkenKanri/WEB/Member/Root.pm line 16, near ")"
Compilation failed in require at (eval 270) line 1.

[Wed Dec 24 14:16:10 2014] [debug] Template "exception.development.html.ep" not found.
[Wed Dec 24 14:16:10 2014] [debug] Template "exception.html.ep" not found.
[Wed Dec 24 14:16:10 2014] [debug] Rendering inline template "3e3201ab0667c1fc7f39089209f0435c".
[Wed Dec 24 14:16:10 2014] [debug] Rendering inline template "b2d451b47e2053ce583cbfdf7bcc6006".
[Wed Dec 24 14:16:10 2014] [debug] 500 Internal Server Error (0.110512s, 9.049/s).
[Wed Dec 24 14:16:43 2014] [info] Listening at "http://*:3000".
[Wed Dec 24 14:16:45 2014] [debug] Your secret passphrase needs to be changed!!!
[Wed Dec 24 14:16:45 2014] [debug] GET "/".
[Wed Dec 24 14:16:45 2014] [debug] Routing to controller "AnkenKanri::WEB::Member::Root" and action "index".
[Wed Dec 24 14:16:45 2014] [error] Can't locate object method "kintone_url" via package "Kintone" at /cygdrive/c/Users/J34437/work/carton_test/anken_kanri_web/script/../lib/AnkenKanri/WEB/Member/Root.pm line 14.

[Wed Dec 24 14:16:45 2014] [debug] Template "exception.development.html.ep" not found.
[Wed Dec 24 14:16:45 2014] [debug] Template "exception.html.ep" not found.
[Wed Dec 24 14:16:45 2014] [debug] Rendering inline template "3e3201ab0667c1fc7f39089209f0435c".
[Wed Dec 24 14:16:45 2014] [debug] Rendering inline template "b2d451b47e2053ce583cbfdf7bcc6006".
[Wed Dec 24 14:16:45 2014] [debug] 500 Internal Server Error (0.108812s, 9.190/s).
[Wed Dec 24 14:19:27 2014] [info] Listening at "http://*:3000".
[Wed Dec 24 14:19:31 2014] [debug] Your secret passphrase needs to be changed!!!
[Wed Dec 24 14:19:31 2014] [debug] GET "/".
[Wed Dec 24 14:19:31 2014] [debug] Routing to controller "AnkenKanri::WEB::Member::Root" and action "index".
[Wed Dec 24 14:19:31 2014] [error] Can't locate object method "kintone_url" via package "Kintone" at /cygdrive/c/Users/J34437/work/carton_test/anken_kanri_web/script/../lib/AnkenKanri/WEB/Member/Root.pm line 14.

[Wed Dec 24 14:19:31 2014] [debug] Template "exception.development.html.ep" not found.
[Wed Dec 24 14:19:31 2014] [debug] Template "exception.html.ep" not found.
[Wed Dec 24 14:19:31 2014] [debug] Rendering inline template "3e3201ab0667c1fc7f39089209f0435c".
[Wed Dec 24 14:19:31 2014] [debug] Rendering inline template "b2d451b47e2053ce583cbfdf7bcc6006".
[Wed Dec 24 14:19:31 2014] [debug] 500 Internal Server Error (0.116822s, 8.560/s).
[Wed Dec 24 14:19:57 2014] [info] Listening at "http://*:3000".
[Wed Dec 24 14:20:01 2014] [debug] Your secret passphrase needs to be changed!!!
[Wed Dec 24 14:20:01 2014] [debug] GET "/".
[Wed Dec 24 14:20:01 2014] [debug] Routing to controller "AnkenKanri::WEB::Member::Root" and action "index".
[Wed Dec 24 14:20:01 2014] [error] Missing required arguments: kintone_url at (eval 321) line 49.

[Wed Dec 24 14:20:01 2014] [debug] Template "exception.development.html.ep" not found.
[Wed Dec 24 14:20:01 2014] [debug] Template "exception.html.ep" not found.
[Wed Dec 24 14:20:01 2014] [debug] Rendering inline template "3e3201ab0667c1fc7f39089209f0435c".
[Wed Dec 24 14:20:01 2014] [debug] Rendering inline template "b2d451b47e2053ce583cbfdf7bcc6006".
[Wed Dec 24 14:20:01 2014] [debug] 500 Internal Server Error (0.124698s, 8.019/s).
[Wed Dec 24 14:20:35 2014] [info] Listening at "http://*:3000".
[Wed Dec 24 14:20:37 2014] [debug] Your secret passphrase needs to be changed!!!
[Wed Dec 24 14:20:37 2014] [debug] GET "/".
[Wed Dec 24 14:20:37 2014] [debug] Routing to controller "AnkenKanri::WEB::Member::Root" and action "index".
[Wed Dec 24 14:20:37 2014] [debug] Rendering template "member/root/index.html.ep".
[Wed Dec 24 14:20:37 2014] [debug] Rendering template "layouts/default.html.ep".
[Wed Dec 24 14:20:37 2014] [debug] 200 OK (0.100821s, 9.919/s).
[Wed Dec 24 14:21:21 2014] [info] Listening at "http://*:3000".
[Wed Dec 24 14:21:23 2014] [debug] Your secret passphrase needs to be changed!!!
[Wed Dec 24 14:21:23 2014] [debug] GET "/".
[Wed Dec 24 14:21:23 2014] [debug] Routing to controller "AnkenKanri::WEB::Member::Root" and action "index".
[Wed Dec 24 14:21:23 2014] [debug] Rendering template "member/root/index.html.ep".
[Wed Dec 24 14:21:23 2014] [error] Can't use string ("https://mkt.cybozu.com") as a SCALAR ref while "strict refs" in use at template member/root/index.html.ep line 7.
2: 
3: <!DOCTYPE html>
4: <html>
5: <pre><%= $content %></pre>
6: <br>
7: <%= $$prop %>
8: </html>

[Wed Dec 24 14:21:23 2014] [debug] Template "exception.development.html.ep" not found.
[Wed Dec 24 14:21:23 2014] [debug] Template "exception.html.ep" not found.
[Wed Dec 24 14:21:23 2014] [debug] Rendering inline template "3e3201ab0667c1fc7f39089209f0435c".
[Wed Dec 24 14:21:23 2014] [debug] Rendering inline template "b2d451b47e2053ce583cbfdf7bcc6006".
[Wed Dec 24 14:21:23 2014] [debug] 500 Internal Server Error (0.117472s, 8.513/s).
[Wed Dec 24 14:22:09 2014] [info] Listening at "http://*:3000".
[Wed Dec 24 14:22:12 2014] [debug] Your secret passphrase needs to be changed!!!
[Wed Dec 24 14:22:12 2014] [debug] GET "/".
[Wed Dec 24 14:22:12 2014] [debug] Routing to controller "AnkenKanri::WEB::Member::Root" and action "index".
[Wed Dec 24 14:22:12 2014] [error] Can't use string ("https://mkt.cybozu.com") as a SCALAR ref while "strict refs" in use at /cygdrive/c/Users/J34437/work/carton_test/anken_kanri_web/script/../lib/AnkenKanri/WEB/Member/Root.pm line 15.

[Wed Dec 24 14:22:12 2014] [debug] Template "exception.development.html.ep" not found.
[Wed Dec 24 14:22:12 2014] [debug] Template "exception.html.ep" not found.
[Wed Dec 24 14:22:12 2014] [debug] Rendering inline template "3e3201ab0667c1fc7f39089209f0435c".
[Wed Dec 24 14:22:12 2014] [debug] Rendering inline template "b2d451b47e2053ce583cbfdf7bcc6006".
[Wed Dec 24 14:22:12 2014] [debug] 500 Internal Server Error (0.114887s, 8.704/s).
[Wed Dec 24 14:22:51 2014] [info] Listening at "http://*:3000".
[Wed Dec 24 14:22:53 2014] [debug] Your secret passphrase needs to be changed!!!
[Wed Dec 24 14:22:53 2014] [debug] GET "/".
[Wed Dec 24 14:22:53 2014] [debug] Routing to controller "AnkenKanri::WEB::Member::Root" and action "index".
[Wed Dec 24 14:22:53 2014] [debug] Rendering template "member/root/index.html.ep".
[Wed Dec 24 14:22:53 2014] [error] Can't use string ("https://mkt.cybozu.com") as a SCALAR ref while "strict refs" in use at template member/root/index.html.ep line 7.
2: 
3: <!DOCTYPE html>
4: <html>
5: <pre><%= $content %></pre>
6: <br>
7: <%= $$prop %>
8: </html>

[Wed Dec 24 14:22:53 2014] [debug] Template "exception.development.html.ep" not found.
[Wed Dec 24 14:22:53 2014] [debug] Template "exception.html.ep" not found.
[Wed Dec 24 14:22:53 2014] [debug] Rendering inline template "3e3201ab0667c1fc7f39089209f0435c".
[Wed Dec 24 14:22:53 2014] [debug] Rendering inline template "b2d451b47e2053ce583cbfdf7bcc6006".
[Wed Dec 24 14:22:53 2014] [debug] 500 Internal Server Error (0.114909s, 8.703/s).
[Wed Dec 24 14:23:39 2014] [info] Listening at "http://*:3000".
[Wed Dec 24 14:23:41 2014] [debug] Your secret passphrase needs to be changed!!!
[Wed Dec 24 14:23:41 2014] [debug] GET "/".
[Wed Dec 24 14:23:41 2014] [debug] Routing to controller "AnkenKanri::WEB::Member::Root" and action "index".
[Wed Dec 24 14:23:41 2014] [debug] Rendering template "member/root/index.html.ep".
[Wed Dec 24 14:23:41 2014] [debug] Rendering template "layouts/default.html.ep".
[Wed Dec 24 14:23:41 2014] [debug] 200 OK (0.088233s, 11.334/s).
[Fri Dec 26 16:32:55 2014] [info] Listening at "http://*:3000".
[Fri Dec 26 16:33:05 2014] [debug] Your secret passphrase needs to be changed!!!
[Fri Dec 26 16:33:05 2014] [debug] GET "/".
[Fri Dec 26 16:33:06 2014] [debug] Routing to controller "AnkenKanri::WEB::Member::Root" and action "index".
[Fri Dec 26 16:33:06 2014] [debug] Rendering template "member/root/index.html.ep".
[Fri Dec 26 16:33:06 2014] [debug] Rendering template "layouts/default.html.ep".
[Fri Dec 26 16:33:06 2014] [debug] 200 OK (0.176541s, 5.664/s).
[Fri Dec 26 16:35:22 2014] [info] Listening at "http://*:3000".
[Fri Dec 26 16:35:24 2014] [debug] Your secret passphrase needs to be changed!!!
[Fri Dec 26 16:35:25 2014] [debug] GET "/".
[Fri Dec 26 16:35:25 2014] [debug] Routing to controller "AnkenKanri::WEB::Member::Root" and action "index".
[Fri Dec 26 16:35:25 2014] [debug] Rendering template "member/root/index.html.ep".
[Fri Dec 26 16:35:25 2014] [debug] Rendering template "layouts/default.html.ep".
[Fri Dec 26 16:35:25 2014] [debug] 200 OK (0.093244s, 10.725/s).
[Fri Dec 26 16:38:30 2014] [info] Listening at "http://*:3000".
[Fri Dec 26 16:38:33 2014] [debug] Your secret passphrase needs to be changed!!!
[Fri Dec 26 16:38:33 2014] [debug] GET "/".
[Fri Dec 26 16:38:33 2014] [debug] Routing to controller "AnkenKanri::WEB::Member::Root" and action "index".
[Fri Dec 26 16:38:33 2014] [debug] Rendering template "member/root/index.html.ep".
[Fri Dec 26 16:38:33 2014] [debug] Rendering template "layouts/default.html.ep".
[Fri Dec 26 16:38:33 2014] [debug] 200 OK (0.085843s, 11.649/s).
[Fri Dec 26 16:39:18 2014] [info] Listening at "http://*:3000".
[Fri Dec 26 16:39:19 2014] [debug] Your secret passphrase needs to be changed!!!
[Fri Dec 26 16:39:19 2014] [debug] GET "/".
[Fri Dec 26 16:39:19 2014] [debug] Routing to controller "AnkenKanri::WEB::Member::Root" and action "index".
[Fri Dec 26 16:39:19 2014] [debug] Rendering template "member/root/index.html.ep".
[Fri Dec 26 16:39:19 2014] [debug] Rendering template "layouts/default.html.ep".
[Fri Dec 26 16:39:19 2014] [debug] 200 OK (0.091155s, 10.970/s).
[Fri Dec 26 16:41:01 2014] [info] Listening at "http://*:3000".
[Fri Dec 26 16:41:09 2014] [debug] Your secret passphrase needs to be changed!!!
[Fri Dec 26 16:41:09 2014] [debug] GET "/".
[Fri Dec 26 16:41:09 2014] [debug] Routing to controller "AnkenKanri::WEB::Member::Root" and action "index".
[Fri Dec 26 16:41:09 2014] [debug] Rendering template "member/root/index.html.ep".
[Fri Dec 26 16:41:09 2014] [debug] Rendering template "layouts/default.html.ep".
[Fri Dec 26 16:41:09 2014] [debug] 200 OK (0.103053s, 9.704/s).
[Fri Dec 26 16:43:56 2014] [info] Listening at "http://*:3000".
[Fri Dec 26 16:44:03 2014] [debug] Your secret passphrase needs to be changed!!!
[Fri Dec 26 16:44:03 2014] [debug] GET "/".
[Fri Dec 26 16:44:03 2014] [debug] Routing to controller "AnkenKanri::WEB::Member::Root" and action "index".
[Fri Dec 26 16:44:03 2014] [debug] Rendering template "member/root/index.html.ep".
[Fri Dec 26 16:44:03 2014] [debug] Rendering template "layouts/default.html.ep".
[Fri Dec 26 16:44:03 2014] [debug] 200 OK (0.124203s, 8.051/s).
[Fri Dec 26 16:46:51 2014] [info] Listening at "http://*:3000".
[Fri Dec 26 16:46:57 2014] [debug] Your secret passphrase needs to be changed!!!
[Fri Dec 26 16:46:57 2014] [debug] GET "/".
[Fri Dec 26 16:46:57 2014] [debug] Routing to controller "AnkenKanri::WEB::Member::Root" and action "index".
[Fri Dec 26 16:46:57 2014] [debug] Rendering template "member/root/index.html.ep".
[Fri Dec 26 16:46:57 2014] [debug] Rendering template "layouts/default.html.ep".
[Fri Dec 26 16:46:57 2014] [debug] 200 OK (0.104992s, 9.525/s).
[Fri Dec 26 16:48:07 2014] [debug] Your secret passphrase needs to be changed!!!
[Fri Dec 26 16:48:07 2014] [debug] GET "/".
[Fri Dec 26 16:48:07 2014] [debug] Routing to controller "AnkenKanri::WEB::Member::Root" and action "index".
[Fri Dec 26 16:48:07 2014] [debug] Rendering template "member/root/index.html.ep".
[Fri Dec 26 16:48:07 2014] [debug] Rendering template "layouts/default.html.ep".
[Fri Dec 26 16:48:08 2014] [debug] 200 OK (0.113991s, 8.773/s).
[Fri Dec 26 16:49:43 2014] [debug] Your secret passphrase needs to be changed!!!
[Fri Dec 26 16:49:43 2014] [debug] GET "/".
[Fri Dec 26 16:49:43 2014] [debug] Routing to controller "AnkenKanri::WEB::Member::Root" and action "index".
[Fri Dec 26 16:49:43 2014] [debug] Rendering template "member/root/index.html.ep".
[Fri Dec 26 16:49:43 2014] [debug] Rendering template "layouts/default.html.ep".
[Fri Dec 26 16:49:43 2014] [debug] 200 OK (0.101142s, 9.887/s).
[Fri Dec 26 16:49:57 2014] [debug] Your secret passphrase needs to be changed!!!
[Fri Dec 26 16:49:57 2014] [debug] GET "/".
[Fri Dec 26 16:49:57 2014] [debug] Routing to controller "AnkenKanri::WEB::Member::Root" and action "index".
[Fri Dec 26 16:49:57 2014] [debug] Rendering template "member/root/index.html.ep".
[Fri Dec 26 16:49:57 2014] [debug] Rendering template "layouts/default.html.ep".
[Fri Dec 26 16:49:58 2014] [debug] 200 OK (0.107535s, 9.299/s).
[Fri Dec 26 16:51:25 2014] [debug] Your secret passphrase needs to be changed!!!
[Fri Dec 26 16:51:25 2014] [debug] GET "/".
[Fri Dec 26 16:51:25 2014] [debug] Routing to controller "AnkenKanri::WEB::Member::Root" and action "index".
[Fri Dec 26 16:51:25 2014] [debug] Rendering template "member/root/index.html.ep".
[Fri Dec 26 16:51:25 2014] [debug] Rendering template "layouts/default.html.ep".
[Fri Dec 26 16:51:25 2014] [debug] 200 OK (0.118070s, 8.470/s).
[Fri Dec 26 16:52:44 2014] [debug] Your secret passphrase needs to be changed!!!
[Fri Dec 26 16:52:44 2014] [debug] GET "/".
[Fri Dec 26 16:52:44 2014] [debug] Routing to controller "AnkenKanri::WEB::Member::Root" and action "index".
[Fri Dec 26 16:52:44 2014] [debug] Rendering template "member/root/index.html.ep".
[Fri Dec 26 16:52:44 2014] [debug] Rendering template "layouts/default.html.ep".
[Fri Dec 26 16:52:44 2014] [debug] 200 OK (0.106162s, 9.420/s).
[Fri Dec 26 16:53:25 2014] [debug] Your secret passphrase needs to be changed!!!
[Fri Dec 26 16:53:25 2014] [debug] GET "/".
[Fri Dec 26 16:53:25 2014] [debug] Routing to controller "AnkenKanri::WEB::Member::Root" and action "index".
[Fri Dec 26 16:53:25 2014] [debug] Rendering template "member/root/index.html.ep".
[Fri Dec 26 16:53:25 2014] [debug] Rendering template "layouts/default.html.ep".
[Fri Dec 26 16:53:25 2014] [debug] 200 OK (0.102640s, 9.743/s).
[Fri Dec 26 16:54:30 2014] [debug] Your secret passphrase needs to be changed!!!
[Fri Dec 26 16:54:30 2014] [debug] GET "/".
[Fri Dec 26 16:54:30 2014] [debug] Routing to controller "AnkenKanri::WEB::Member::Root" and action "index".
[Fri Dec 26 16:54:30 2014] [debug] Rendering template "member/root/index.html.ep".
[Fri Dec 26 16:54:30 2014] [debug] Rendering template "layouts/default.html.ep".
[Fri Dec 26 16:54:30 2014] [debug] 200 OK (0.109677s, 9.118/s).
[Fri Dec 26 16:56:30 2014] [debug] Your secret passphrase needs to be changed!!!
[Fri Dec 26 16:56:30 2014] [debug] GET "/".
[Fri Dec 26 16:56:30 2014] [debug] Routing to controller "AnkenKanri::WEB::Member::Root" and action "index".
[Fri Dec 26 16:56:30 2014] [debug] Rendering template "member/root/index.html.ep".
[Fri Dec 26 16:56:30 2014] [debug] Rendering template "layouts/default.html.ep".
[Fri Dec 26 16:56:30 2014] [debug] 200 OK (0.103254s, 9.685/s).
[Fri Dec 26 16:56:54 2014] [debug] Your secret passphrase needs to be changed!!!
[Fri Dec 26 16:56:54 2014] [debug] GET "/".
[Fri Dec 26 16:56:54 2014] [debug] Routing to controller "AnkenKanri::WEB::Member::Root" and action "index".
[Fri Dec 26 16:56:54 2014] [debug] Rendering template "member/root/index.html.ep".
[Fri Dec 26 16:56:54 2014] [debug] Rendering template "layouts/default.html.ep".
[Fri Dec 26 16:56:54 2014] [debug] 200 OK (0.097336s, 10.274/s).
[Fri Dec 26 16:57:00 2014] [debug] Your secret passphrase needs to be changed!!!
[Fri Dec 26 16:57:00 2014] [debug] GET "/".
[Fri Dec 26 16:57:00 2014] [debug] Routing to controller "AnkenKanri::WEB::Member::Root" and action "index".
[Fri Dec 26 16:57:00 2014] [debug] Rendering template "member/root/index.html.ep".
[Fri Dec 26 16:57:00 2014] [debug] Rendering template "layouts/default.html.ep".
[Fri Dec 26 16:57:00 2014] [debug] 200 OK (0.108264s, 9.237/s).
[Fri Dec 26 16:57:10 2014] [debug] Your secret passphrase needs to be changed!!!
[Fri Dec 26 16:57:10 2014] [debug] GET "/".
[Fri Dec 26 16:57:10 2014] [debug] Routing to controller "AnkenKanri::WEB::Member::Root" and action "index".
[Fri Dec 26 16:57:10 2014] [debug] Rendering template "member/root/index.html.ep".
[Fri Dec 26 16:57:10 2014] [debug] Rendering template "layouts/default.html.ep".
[Fri Dec 26 16:57:10 2014] [debug] 200 OK (0.101257s, 9.876/s).
[Fri Dec 26 16:57:23 2014] [debug] Your secret passphrase needs to be changed!!!
[Fri Dec 26 16:57:23 2014] [debug] GET "/".
[Fri Dec 26 16:57:23 2014] [debug] Routing to controller "AnkenKanri::WEB::Member::Root" and action "index".
[Fri Dec 26 16:57:23 2014] [debug] Rendering template "member/root/index.html.ep".
[Fri Dec 26 16:57:23 2014] [debug] Rendering template "layouts/default.html.ep".
[Fri Dec 26 16:57:23 2014] [debug] 200 OK (0.098922s, 10.109/s).
[Fri Dec 26 16:57:33 2014] [debug] Your secret passphrase needs to be changed!!!
[Fri Dec 26 16:57:33 2014] [debug] GET "/".
[Fri Dec 26 16:57:33 2014] [debug] Routing to controller "AnkenKanri::WEB::Member::Root" and action "index".
[Fri Dec 26 16:57:33 2014] [debug] Rendering template "member/root/index.html.ep".
[Fri Dec 26 16:57:33 2014] [debug] Rendering template "layouts/default.html.ep".
[Fri Dec 26 16:57:33 2014] [debug] 200 OK (0.098357s, 10.167/s).
[Fri Dec 26 16:58:34 2014] [debug] Your secret passphrase needs to be changed!!!
[Fri Dec 26 16:58:34 2014] [debug] GET "/".
[Fri Dec 26 16:58:34 2014] [debug] Routing to controller "AnkenKanri::WEB::Member::Root" and action "index".
[Fri Dec 26 16:58:34 2014] [debug] Rendering template "member/root/index.html.ep".
[Fri Dec 26 16:58:34 2014] [debug] Rendering template "layouts/default.html.ep".
[Fri Dec 26 16:58:34 2014] [debug] 200 OK (0.098341s, 10.169/s).
[Fri Dec 26 16:58:38 2014] [debug] GET "/WebLabo/menu.html".
[Fri Dec 26 16:58:38 2014] [debug] Template "not_found.development.html.ep" not found.
[Fri Dec 26 16:58:38 2014] [debug] Template "not_found.html.ep" not found.
[Fri Dec 26 16:58:38 2014] [debug] Rendering inline template "3e3201ab0667c1fc7f39089209f0435c".
[Fri Dec 26 16:58:38 2014] [debug] Rendering inline template "b2d451b47e2053ce583cbfdf7bcc6006".
[Fri Dec 26 16:58:38 2014] [debug] 404 Not Found (0.019279s, 51.870/s).
[Fri Dec 26 16:59:04 2014] [debug] Your secret passphrase needs to be changed!!!
[Fri Dec 26 16:59:04 2014] [debug] GET "/".
[Fri Dec 26 16:59:04 2014] [debug] Routing to controller "AnkenKanri::WEB::Member::Root" and action "index".
[Fri Dec 26 16:59:04 2014] [debug] Rendering template "member/root/index.html.ep".
[Fri Dec 26 16:59:04 2014] [debug] Rendering template "layouts/default.html.ep".
[Fri Dec 26 16:59:04 2014] [debug] 200 OK (0.093137s, 10.737/s).
[Fri Dec 26 17:00:15 2014] [debug] Your secret passphrase needs to be changed!!!
[Fri Dec 26 17:00:15 2014] [debug] GET "/".
[Fri Dec 26 17:00:15 2014] [debug] Routing to controller "AnkenKanri::WEB::Member::Root" and action "index".
[Fri Dec 26 17:00:15 2014] [debug] Rendering template "member/root/index.html.ep".
[Fri Dec 26 17:00:15 2014] [debug] Rendering template "layouts/default.html.ep".
[Fri Dec 26 17:00:15 2014] [debug] 200 OK (0.099270s, 10.074/s).
[Fri Dec 26 17:00:42 2014] [debug] Your secret passphrase needs to be changed!!!
[Fri Dec 26 17:00:42 2014] [debug] GET "/".
[Fri Dec 26 17:00:42 2014] [debug] Routing to controller "AnkenKanri::WEB::Member::Root" and action "index".
[Fri Dec 26 17:00:42 2014] [debug] Rendering template "member/root/index.html.ep".
[Fri Dec 26 17:00:42 2014] [debug] Rendering template "layouts/default.html.ep".
[Fri Dec 26 17:00:42 2014] [debug] 200 OK (0.114487s, 8.735/s).
[Fri Dec 26 17:01:34 2014] [debug] Your secret passphrase needs to be changed!!!
[Fri Dec 26 17:01:34 2014] [debug] GET "/".
[Fri Dec 26 17:01:34 2014] [debug] Routing to controller "AnkenKanri::WEB::Member::Root" and action "index".
[Fri Dec 26 17:01:34 2014] [debug] Rendering template "member/root/index.html.ep".
[Fri Dec 26 17:01:34 2014] [debug] Rendering template "layouts/default.html.ep".
[Fri Dec 26 17:01:34 2014] [debug] 200 OK (0.105955s, 9.438/s).
[Fri Dec 26 17:01:46 2014] [debug] Your secret passphrase needs to be changed!!!
[Fri Dec 26 17:01:46 2014] [debug] GET "/".
[Fri Dec 26 17:01:46 2014] [debug] Routing to controller "AnkenKanri::WEB::Member::Root" and action "index".
[Fri Dec 26 17:01:46 2014] [debug] Rendering template "member/root/index.html.ep".
[Fri Dec 26 17:01:46 2014] [debug] Rendering template "layouts/default.html.ep".
[Fri Dec 26 17:01:46 2014] [debug] 200 OK (0.099525s, 10.048/s).
[Fri Dec 26 17:02:21 2014] [debug] GET "/".
[Fri Dec 26 17:02:21 2014] [debug] Routing to controller "AnkenKanri::WEB::Member::Root" and action "index".
[Fri Dec 26 17:02:21 2014] [debug] Rendering cached template "member/root/index.html.ep".
[Fri Dec 26 17:02:21 2014] [debug] Rendering cached template "layouts/default.html.ep".
[Fri Dec 26 17:02:21 2014] [debug] 200 OK (0.013000s, 76.923/s).
[Fri Dec 26 17:02:53 2014] [debug] Your secret passphrase needs to be changed!!!
[Fri Dec 26 17:02:53 2014] [debug] GET "/".
[Fri Dec 26 17:02:53 2014] [debug] Routing to controller "AnkenKanri::WEB::Member::Root" and action "index".
[Fri Dec 26 17:02:53 2014] [debug] Rendering template "member/root/index.html.ep".
[Fri Dec 26 17:02:53 2014] [debug] Rendering template "layouts/default.html.ep".
[Fri Dec 26 17:02:53 2014] [debug] 200 OK (0.095884s, 10.429/s).
[Fri Dec 26 17:03:15 2014] [debug] GET "/".
[Fri Dec 26 17:03:15 2014] [debug] Routing to controller "AnkenKanri::WEB::Member::Root" and action "index".
[Fri Dec 26 17:03:15 2014] [debug] Rendering cached template "member/root/index.html.ep".
[Fri Dec 26 17:03:15 2014] [debug] Rendering cached template "layouts/default.html.ep".
[Fri Dec 26 17:03:15 2014] [debug] 200 OK (0.004829s, 207.082/s).
[Fri Dec 26 17:03:27 2014] [debug] Your secret passphrase needs to be changed!!!
[Fri Dec 26 17:03:27 2014] [debug] GET "/".
[Fri Dec 26 17:03:27 2014] [debug] Routing to controller "AnkenKanri::WEB::Member::Root" and action "index".
[Fri Dec 26 17:03:27 2014] [debug] Rendering template "member/root/index.html.ep".
[Fri Dec 26 17:03:27 2014] [debug] Rendering template "layouts/default.html.ep".
[Fri Dec 26 17:03:27 2014] [debug] 200 OK (0.108087s, 9.252/s).
[Fri Dec 26 17:03:38 2014] [debug] Your secret passphrase needs to be changed!!!
[Fri Dec 26 17:03:38 2014] [debug] GET "/".
[Fri Dec 26 17:03:39 2014] [debug] Routing to controller "AnkenKanri::WEB::Member::Root" and action "index".
[Fri Dec 26 17:03:39 2014] [debug] Rendering template "member/root/index.html.ep".
[Fri Dec 26 17:03:39 2014] [debug] Rendering template "layouts/default.html.ep".
[Fri Dec 26 17:03:39 2014] [debug] 200 OK (0.103343s, 9.677/s).
[Fri Dec 26 17:04:00 2014] [debug] Your secret passphrase needs to be changed!!!
[Fri Dec 26 17:04:00 2014] [debug] GET "/".
[Fri Dec 26 17:04:00 2014] [debug] Routing to controller "AnkenKanri::WEB::Member::Root" and action "index".
[Fri Dec 26 17:04:00 2014] [debug] Rendering template "member/root/index.html.ep".
[Fri Dec 26 17:04:00 2014] [debug] Rendering template "layouts/default.html.ep".
[Fri Dec 26 17:04:00 2014] [debug] 200 OK (0.115339s, 8.670/s).
[Fri Dec 26 17:05:35 2014] [debug] Your secret passphrase needs to be changed!!!
[Fri Dec 26 17:05:35 2014] [debug] GET "/".
[Fri Dec 26 17:05:35 2014] [debug] Routing to controller "AnkenKanri::WEB::Member::Root" and action "index".
[Fri Dec 26 17:05:35 2014] [debug] Rendering template "member/root/index.html.ep".
[Fri Dec 26 17:05:35 2014] [debug] Rendering template "layouts/default.html.ep".
[Fri Dec 26 17:05:35 2014] [debug] 200 OK (0.106838s, 9.360/s).
[Fri Dec 26 17:05:39 2014] [debug] GET "/".
[Fri Dec 26 17:05:39 2014] [debug] Routing to controller "AnkenKanri::WEB::Member::Root" and action "index".
[Fri Dec 26 17:05:39 2014] [debug] Rendering cached template "member/root/index.html.ep".
[Fri Dec 26 17:05:39 2014] [debug] Rendering cached template "layouts/default.html.ep".
[Fri Dec 26 17:05:39 2014] [debug] 200 OK (0.004259s, 234.797/s).
[Fri Dec 26 17:06:13 2014] [debug] Your secret passphrase needs to be changed!!!
[Fri Dec 26 17:06:13 2014] [debug] GET "/".
[Fri Dec 26 17:06:13 2014] [debug] Routing to controller "AnkenKanri::WEB::Member::Root" and action "index".
[Fri Dec 26 17:06:13 2014] [debug] Rendering template "member/root/index.html.ep".
[Fri Dec 26 17:06:13 2014] [debug] Rendering template "layouts/default.html.ep".
[Fri Dec 26 17:06:13 2014] [debug] 200 OK (0.104292s, 9.588/s).
[Fri Dec 26 17:11:09 2014] [debug] Your secret passphrase needs to be changed!!!
[Fri Dec 26 17:11:09 2014] [debug] GET "/".
[Fri Dec 26 17:11:09 2014] [debug] Routing to controller "AnkenKanri::WEB::Member::Root" and action "index".
[Fri Dec 26 17:11:09 2014] [debug] Rendering template "member/root/index.html.ep".
[Fri Dec 26 17:11:09 2014] [debug] 200 OK (0.109798s, 9.108/s).
[Fri Dec 26 17:12:09 2014] [debug] Your secret passphrase needs to be changed!!!
[Fri Dec 26 17:12:09 2014] [debug] GET "/".
[Fri Dec 26 17:12:09 2014] [debug] Routing to controller "AnkenKanri::WEB::Member::Root" and action "index".
[Fri Dec 26 17:12:09 2014] [debug] Rendering template "member/root/index.html.ep".
[Fri Dec 26 17:12:09 2014] [debug] 200 OK (0.095211s, 10.503/s).
[Fri Dec 26 17:12:10 2014] [debug] GET "/".
[Fri Dec 26 17:12:10 2014] [debug] Routing to controller "AnkenKanri::WEB::Member::Root" and action "index".
[Fri Dec 26 17:12:10 2014] [debug] Rendering cached template "member/root/index.html.ep".
[Fri Dec 26 17:12:10 2014] [debug] 200 OK (0.011280s, 88.652/s).
[Fri Dec 26 19:13:21 2014] [info] Listening at "http://*:3000".
[Fri Dec 26 19:48:14 2014] [debug] Reading configuration file "/cygdrive/c/Users/J34437/work/carton_test/anken_kanri_web/etc/kintone.conf".
[Fri Dec 26 19:48:14 2014] [debug] Your secret passphrase needs to be changed!!!
[Fri Dec 26 19:48:14 2014] [debug] GET "/".
[Fri Dec 26 19:48:14 2014] [debug] Routing to controller "AnkenKanri::WEB::Member::Root" and action "index".
[Fri Dec 26 19:48:14 2014] [debug] Rendering template "member/root/index.html.ep".
[Fri Dec 26 19:48:14 2014] [debug] 200 OK (0.119710s, 8.354/s).
[Fri Dec 26 19:48:15 2014] [debug] Reading configuration file "/cygdrive/c/Users/J34437/work/carton_test/anken_kanri_web/etc/kintone.conf".
[Fri Dec 26 19:49:09 2014] [debug] Reading configuration file "/cygdrive/c/Users/J34437/work/carton_test/anken_kanri_web/etc/kintone.conf".
[Fri Dec 26 19:49:09 2014] [info] Listening at "http://*:3000".
[Fri Dec 26 19:49:13 2014] [debug] Your secret passphrase needs to be changed!!!
[Fri Dec 26 19:49:13 2014] [debug] GET "/".
[Fri Dec 26 19:49:13 2014] [debug] Routing to controller "AnkenKanri::WEB::Member::Root" and action "index".
[Fri Dec 26 19:49:13 2014] [debug] Rendering template "member/root/index.html.ep".
[Fri Dec 26 19:49:13 2014] [debug] 200 OK (0.127265s, 7.858/s).
[Fri Dec 26 19:50:02 2014] [debug] Reading configuration file "/cygdrive/c/Users/J34437/work/carton_test/anken_kanri_web/etc/kintone.conf".
[Fri Dec 26 19:50:02 2014] [info] Listening at "http://*:3000".
[Fri Dec 26 19:50:25 2014] [debug] Reading configuration file "/cygdrive/c/Users/J34437/work/carton_test/anken_kanri_web/etc/kintone.conf".
[Fri Dec 26 19:52:04 2014] [debug] Reading configuration file "/cygdrive/c/Users/J34437/work/carton_test/anken_kanri_web/etc/kintone.conf".
[Fri Dec 26 19:52:11 2014] [debug] Your secret passphrase needs to be changed!!!
[Fri Dec 26 19:52:11 2014] [debug] GET "/".
[Fri Dec 26 19:52:11 2014] [debug] Routing to controller "AnkenKanri::WEB::Member::Root" and action "index".
[Fri Dec 26 19:52:11 2014] [debug] Rendering template "member/root/index.html.ep".
[Fri Dec 26 19:52:11 2014] [debug] 200 OK (0.105437s, 9.484/s).
[Fri Dec 26 19:52:25 2014] [debug] GET "/".
[Fri Dec 26 19:52:25 2014] [debug] Routing to controller "AnkenKanri::WEB::Member::Root" and action "index".
[Fri Dec 26 19:52:25 2014] [debug] Rendering cached template "member/root/index.html.ep".
[Fri Dec 26 19:52:25 2014] [debug] 200 OK (0.003805s, 262.812/s).
[Fri Dec 26 19:52:55 2014] [debug] Reading configuration file "/cygdrive/c/Users/J34437/work/carton_test/anken_kanri_web/etc/kintone.conf".
[Fri Dec 26 19:53:01 2014] [debug] Your secret passphrase needs to be changed!!!
[Fri Dec 26 19:53:01 2014] [debug] GET "/".
[Fri Dec 26 19:53:01 2014] [debug] Routing to controller "AnkenKanri::WEB::Member::Root" and action "index".
[Fri Dec 26 19:53:01 2014] [debug] Rendering template "member/root/index.html.ep".
[Fri Dec 26 19:53:01 2014] [debug] Rendering template "layouts/default.html.ep".
[Fri Dec 26 19:53:01 2014] [debug] 200 OK (0.101912s, 9.812/s).
[Fri Dec 26 19:53:19 2014] [debug] Reading configuration file "/cygdrive/c/Users/J34437/work/carton_test/anken_kanri_web/etc/kintone.conf".
[Fri Dec 26 19:53:19 2014] [debug] Your secret passphrase needs to be changed!!!
[Fri Dec 26 19:53:19 2014] [debug] GET "/".
[Fri Dec 26 19:53:20 2014] [debug] Routing to controller "AnkenKanri::WEB::Member::Root" and action "index".
[Fri Dec 26 19:53:20 2014] [debug] Rendering template "member/root/index.html.ep".
[Fri Dec 26 19:53:20 2014] [debug] 200 OK (0.100537s, 9.947/s).
[Fri Dec 26 19:53:54 2014] [debug] GET "/".
[Fri Dec 26 19:53:54 2014] [debug] Routing to controller "AnkenKanri::WEB::Member::Root" and action "index".
[Fri Dec 26 19:53:54 2014] [debug] Rendering cached template "member/root/index.html.ep".
[Fri Dec 26 19:53:54 2014] [debug] 200 OK (0.004999s, 200.040/s).
[Fri Dec 26 19:54:16 2014] [debug] Reading configuration file "/cygdrive/c/Users/J34437/work/carton_test/anken_kanri_web/etc/kintone.conf".
[Fri Dec 26 19:54:16 2014] [info] Listening at "http://*:3000".
[Fri Dec 26 19:54:17 2014] [debug] Your secret passphrase needs to be changed!!!
[Fri Dec 26 19:54:17 2014] [debug] GET "/".
[Fri Dec 26 19:54:18 2014] [debug] Routing to controller "AnkenKanri::WEB::Member::Root" and action "index".
[Fri Dec 26 19:54:18 2014] [debug] Rendering template "member/root/index.html.ep".
[Fri Dec 26 19:54:18 2014] [debug] 200 OK (0.118127s, 8.465/s).
[Fri Dec 26 19:54:30 2014] [debug] Reading configuration file "/cygdrive/c/Users/J34437/work/carton_test/anken_kanri_web/etc/kintone.conf".
[Fri Dec 26 19:55:00 2014] [debug] Reading configuration file "/cygdrive/c/Users/J34437/work/carton_test/anken_kanri_web/etc/kintone.conf".
[Fri Dec 26 19:55:01 2014] [debug] Your secret passphrase needs to be changed!!!
[Fri Dec 26 19:55:01 2014] [debug] GET "/".
[Fri Dec 26 19:55:01 2014] [debug] Routing to controller "AnkenKanri::WEB::Member::Root" and action "index".
[Fri Dec 26 19:55:01 2014] [debug] Rendering template "member/root/index.html.ep".
[Fri Dec 26 19:55:01 2014] [debug] 200 OK (0.112687s, 8.874/s).
[Fri Dec 26 19:55:06 2014] [debug] Reading configuration file "/cygdrive/c/Users/J34437/work/carton_test/anken_kanri_web/etc/kintone.conf".
[Fri Dec 26 19:55:08 2014] [debug] Your secret passphrase needs to be changed!!!
[Fri Dec 26 19:55:08 2014] [debug] GET "/".
[Fri Dec 26 19:55:08 2014] [debug] Routing to controller "AnkenKanri::WEB::Member::Root" and action "index".
[Fri Dec 26 19:55:08 2014] [debug] Rendering template "member/root/index.html.ep".
[Fri Dec 26 19:55:08 2014] [debug] 200 OK (0.090915s, 10.999/s).
[Fri Dec 26 19:55:25 2014] [debug] Reading configuration file "/cygdrive/c/Users/J34437/work/carton_test/anken_kanri_web/etc/kintone.conf".
[Fri Dec 26 19:55:26 2014] [debug] Your secret passphrase needs to be changed!!!
[Fri Dec 26 19:55:26 2014] [debug] GET "/".
[Fri Dec 26 19:55:26 2014] [debug] Routing to controller "AnkenKanri::WEB::Member::Root" and action "index".
[Fri Dec 26 19:55:26 2014] [debug] Rendering template "member/root/index.html.ep".
[Fri Dec 26 19:55:26 2014] [debug] 200 OK (0.100875s, 9.913/s).
[Fri Dec 26 19:57:05 2014] [debug] Reading configuration file "/cygdrive/c/Users/J34437/work/carton_test/anken_kanri_web/etc/kintone.conf".
[Fri Dec 26 19:57:08 2014] [debug] Your secret passphrase needs to be changed!!!
[Fri Dec 26 19:57:08 2014] [debug] GET "/".
[Fri Dec 26 19:57:08 2014] [debug] Routing to controller "AnkenKanri::WEB::Member::Root" and action "index".
[Fri Dec 26 19:57:08 2014] [debug] Rendering template "member/root/index.html.ep".
[Fri Dec 26 19:57:08 2014] [debug] 200 OK (0.102715s, 9.736/s).
[Fri Dec 26 19:58:18 2014] [debug] Reading configuration file "/cygdrive/c/Users/J34437/work/carton_test/anken_kanri_web/etc/kintone.conf".
[Fri Dec 26 19:58:18 2014] [debug] Your secret passphrase needs to be changed!!!
[Fri Dec 26 19:58:18 2014] [debug] GET "/".
[Fri Dec 26 19:58:18 2014] [debug] Routing to controller "AnkenKanri::WEB::Member::Root" and action "index".
[Fri Dec 26 19:58:18 2014] [debug] Rendering template "member/root/index.html.ep".
[Fri Dec 26 19:58:18 2014] [debug] 200 OK (0.094841s, 10.544/s).
[Fri Dec 26 19:58:29 2014] [debug] GET "/".
[Fri Dec 26 19:58:29 2014] [debug] Routing to controller "AnkenKanri::WEB::Member::Root" and action "index".
[Fri Dec 26 19:58:29 2014] [debug] Rendering cached template "member/root/index.html.ep".
[Fri Dec 26 19:58:29 2014] [debug] 200 OK (0.003781s, 264.480/s).
[Fri Dec 26 19:58:52 2014] [debug] Reading configuration file "/cygdrive/c/Users/J34437/work/carton_test/anken_kanri_web/etc/kintone.conf".
[Fri Dec 26 19:58:54 2014] [debug] Your secret passphrase needs to be changed!!!
[Fri Dec 26 19:58:54 2014] [debug] GET "/".
[Fri Dec 26 19:58:54 2014] [debug] Routing to controller "AnkenKanri::WEB::Member::Root" and action "index".
[Fri Dec 26 19:58:54 2014] [debug] Rendering template "member/root/index.html.ep".
[Fri Dec 26 19:58:54 2014] [debug] 200 OK (0.113374s, 8.820/s).
[Fri Dec 26 20:00:51 2014] [debug] Reading configuration file "/cygdrive/c/Users/J34437/work/carton_test/anken_kanri_web/etc/kintone.conf".
[Fri Dec 26 20:00:58 2014] [debug] Your secret passphrase needs to be changed!!!
[Fri Dec 26 20:00:58 2014] [debug] GET "/".
[Fri Dec 26 20:00:58 2014] [debug] Routing to controller "AnkenKanri::WEB::Member::Root" and action "index".
[Fri Dec 26 20:00:58 2014] [debug] Rendering template "member/root/index.html.ep".
[Fri Dec 26 20:00:58 2014] [debug] 200 OK (0.110052s, 9.087/s).
[Fri Dec 26 20:00:59 2014] [debug] POST "/ajax-test.php".
[Fri Dec 26 20:00:59 2014] [debug] Template "not_found.development.html.ep" not found.
[Fri Dec 26 20:00:59 2014] [debug] Template "not_found.html.ep" not found.
[Fri Dec 26 20:00:59 2014] [debug] Rendering inline template "3e3201ab0667c1fc7f39089209f0435c".
[Fri Dec 26 20:00:59 2014] [debug] Rendering inline template "b2d451b47e2053ce583cbfdf7bcc6006".
[Fri Dec 26 20:00:59 2014] [debug] 404 Not Found (0.025418s, 39.342/s).
[Fri Dec 26 20:03:32 2014] [debug] Reading configuration file "/cygdrive/c/Users/J34437/work/carton_test/anken_kanri_web/etc/kintone.conf".
[Fri Dec 26 20:03:42 2014] [debug] Your secret passphrase needs to be changed!!!
[Fri Dec 26 20:03:42 2014] [debug] GET "/".
[Fri Dec 26 20:03:42 2014] [debug] Routing to controller "AnkenKanri::WEB::Member::Root" and action "index".
[Fri Dec 26 20:03:42 2014] [debug] Rendering template "member/root/index.html.ep".
[Fri Dec 26 20:03:42 2014] [debug] 200 OK (0.095255s, 10.498/s).
[Fri Dec 26 20:03:44 2014] [debug] POST "/ajax-test.php".
[Fri Dec 26 20:03:44 2014] [debug] Template "not_found.development.html.ep" not found.
[Fri Dec 26 20:03:44 2014] [debug] Template "not_found.html.ep" not found.
[Fri Dec 26 20:03:44 2014] [debug] Rendering inline template "3e3201ab0667c1fc7f39089209f0435c".
[Fri Dec 26 20:03:44 2014] [debug] Rendering inline template "b2d451b47e2053ce583cbfdf7bcc6006".
[Fri Dec 26 20:03:44 2014] [debug] 404 Not Found (0.021323s, 46.898/s).
[Fri Dec 26 20:05:15 2014] [debug] Reading configuration file "/cygdrive/c/Users/J34437/work/carton_test/anken_kanri_web/etc/kintone.conf".
[Fri Dec 26 20:05:26 2014] [debug] Reading configuration file "/cygdrive/c/Users/J34437/work/carton_test/anken_kanri_web/etc/kintone.conf".
[Fri Dec 26 20:05:29 2014] [debug] Your secret passphrase needs to be changed!!!
[Fri Dec 26 20:05:29 2014] [debug] GET "/".
[Fri Dec 26 20:05:29 2014] [debug] Routing to controller "AnkenKanri::WEB::Member::Root" and action "index".
[Fri Dec 26 20:05:29 2014] [debug] Rendering template "member/root/index.html.ep".
[Fri Dec 26 20:05:29 2014] [debug] 200 OK (0.105088s, 9.516/s).
[Fri Dec 26 20:05:34 2014] [debug] POST "/ajax-test.php".
[Fri Dec 26 20:05:34 2014] [debug] Template "not_found.development.html.ep" not found.
[Fri Dec 26 20:05:34 2014] [debug] Template "not_found.html.ep" not found.
[Fri Dec 26 20:05:34 2014] [debug] Rendering inline template "3e3201ab0667c1fc7f39089209f0435c".
[Fri Dec 26 20:05:34 2014] [debug] Rendering inline template "b2d451b47e2053ce583cbfdf7bcc6006".
[Fri Dec 26 20:05:34 2014] [debug] 404 Not Found (0.025752s, 38.832/s).
[Fri Dec 26 20:05:38 2014] [debug] GET "/".
[Fri Dec 26 20:05:38 2014] [debug] Routing to controller "AnkenKanri::WEB::Member::Root" and action "index".
[Fri Dec 26 20:05:38 2014] [debug] Rendering cached template "member/root/index.html.ep".
[Fri Dec 26 20:05:38 2014] [debug] 200 OK (0.004014s, 249.128/s).
[Fri Dec 26 20:06:12 2014] [debug] GET "/".
[Fri Dec 26 20:06:13 2014] [debug] Routing to controller "AnkenKanri::WEB::Member::Root" and action "index".
[Fri Dec 26 20:06:13 2014] [debug] Rendering cached template "member/root/index.html.ep".
[Fri Dec 26 20:06:13 2014] [debug] 200 OK (0.015000s, 66.667/s).
[Fri Dec 26 20:06:13 2014] [debug] Reading configuration file "/cygdrive/c/Users/J34437/work/carton_test/anken_kanri_web/etc/kintone.conf".
[Fri Dec 26 20:06:21 2014] [debug] Your secret passphrase needs to be changed!!!
[Fri Dec 26 20:06:21 2014] [debug] GET "/".
[Fri Dec 26 20:06:21 2014] [debug] Routing to controller "AnkenKanri::WEB::Member::Root" and action "index".
[Fri Dec 26 20:06:21 2014] [debug] Rendering template "member/root/index.html.ep".
[Fri Dec 26 20:06:21 2014] [debug] 200 OK (0.102664s, 9.741/s).
[Fri Dec 26 20:06:24 2014] [debug] POST "/ajax-test.php".
[Fri Dec 26 20:06:24 2014] [debug] Template "not_found.development.html.ep" not found.
[Fri Dec 26 20:06:24 2014] [debug] Template "not_found.html.ep" not found.
[Fri Dec 26 20:06:24 2014] [debug] Rendering inline template "3e3201ab0667c1fc7f39089209f0435c".
[Fri Dec 26 20:06:24 2014] [debug] Rendering inline template "b2d451b47e2053ce583cbfdf7bcc6006".
[Fri Dec 26 20:06:24 2014] [debug] 404 Not Found (0.020575s, 48.603/s).
[Fri Dec 26 20:06:27 2014] [debug] POST "/ajax-test.php".
[Fri Dec 26 20:06:27 2014] [debug] Template "not_found.development.html.ep" not found.
[Fri Dec 26 20:06:27 2014] [debug] Template "not_found.html.ep" not found.
[Fri Dec 26 20:06:27 2014] [debug] Rendering cached inline template "3e3201ab0667c1fc7f39089209f0435c".
[Fri Dec 26 20:06:27 2014] [debug] Rendering cached inline template "b2d451b47e2053ce583cbfdf7bcc6006".
[Fri Dec 26 20:06:27 2014] [debug] 404 Not Found (0.006258s, 159.795/s).
[Fri Dec 26 20:06:44 2014] [debug] Reading configuration file "/cygdrive/c/Users/J34437/work/carton_test/anken_kanri_web/etc/kintone.conf".
[Fri Dec 26 20:07:17 2014] [debug] Reading configuration file "/cygdrive/c/Users/J34437/work/carton_test/anken_kanri_web/etc/kintone.conf".
[Fri Dec 26 20:07:18 2014] [debug] Your secret passphrase needs to be changed!!!
[Fri Dec 26 20:07:18 2014] [debug] POST "/ajax-test.php".
[Fri Dec 26 20:07:18 2014] [debug] Template "not_found.development.html.ep" not found.
[Fri Dec 26 20:07:18 2014] [debug] Template "not_found.html.ep" not found.
[Fri Dec 26 20:07:18 2014] [debug] Rendering inline template "3e3201ab0667c1fc7f39089209f0435c".
[Fri Dec 26 20:07:18 2014] [debug] Rendering inline template "b2d451b47e2053ce583cbfdf7bcc6006".
[Fri Dec 26 20:07:18 2014] [debug] 404 Not Found (0.026775s, 37.348/s).
[Fri Dec 26 20:07:21 2014] [debug] GET "/".
[Fri Dec 26 20:07:21 2014] [debug] Routing to controller "AnkenKanri::WEB::Member::Root" and action "index".
[Fri Dec 26 20:07:21 2014] [debug] Rendering template "member/root/index.html.ep".
[Fri Dec 26 20:07:21 2014] [debug] 200 OK (0.107943s, 9.264/s).
[Fri Dec 26 20:07:23 2014] [debug] POST "/ajax-test.php".
[Fri Dec 26 20:07:23 2014] [debug] Template "not_found.development.html.ep" not found.
[Fri Dec 26 20:07:23 2014] [debug] Template "not_found.html.ep" not found.
[Fri Dec 26 20:07:23 2014] [debug] Rendering cached inline template "3e3201ab0667c1fc7f39089209f0435c".
[Fri Dec 26 20:07:23 2014] [debug] Rendering cached inline template "b2d451b47e2053ce583cbfdf7bcc6006".
[Fri Dec 26 20:07:23 2014] [debug] 404 Not Found (0.008815s, 113.443/s).
[Fri Dec 26 20:27:34 2014] [debug] Reading configuration file "/cygdrive/c/Users/J34437/work/carton_test/anken_kanri_web/etc/kintone.conf".
[Fri Dec 26 20:28:31 2014] [debug] Reading configuration file "/cygdrive/c/Users/J34437/work/carton_test/anken_kanri_web/etc/kintone.conf".
[Fri Dec 26 20:28:55 2014] [debug] Reading configuration file "/cygdrive/c/Users/J34437/work/carton_test/anken_kanri_web/etc/kintone.conf".
[Fri Dec 26 20:29:03 2014] [debug] Reading configuration file "/cygdrive/c/Users/J34437/work/carton_test/anken_kanri_web/etc/kintone.conf".
[Fri Dec 26 20:29:24 2014] [debug] Reading configuration file "/cygdrive/c/Users/J34437/work/carton_test/anken_kanri_web/etc/kintone.conf".
[Fri Dec 26 20:29:28 2014] [debug] Reading configuration file "/cygdrive/c/Users/J34437/work/carton_test/anken_kanri_web/etc/kintone.conf".
[Fri Dec 26 20:29:36 2014] [debug] Reading configuration file "/cygdrive/c/Users/J34437/work/carton_test/anken_kanri_web/etc/kintone.conf".
[Fri Dec 26 20:32:42 2014] [debug] Reading configuration file "/cygdrive/c/Users/J34437/work/carton_test/anken_kanri_web/etc/kintone.conf".
[Fri Dec 26 20:34:28 2014] [debug] Reading configuration file "/cygdrive/c/Users/J34437/work/carton_test/anken_kanri_web/etc/kintone.conf".
[Fri Dec 26 20:35:53 2014] [debug] Reading configuration file "/cygdrive/c/Users/J34437/work/carton_test/anken_kanri_web/etc/kintone.conf".
[Fri Dec 26 20:36:20 2014] [debug] Reading configuration file "/cygdrive/c/Users/J34437/work/carton_test/anken_kanri_web/etc/kintone.conf".
[Fri Dec 26 20:36:33 2014] [debug] Your secret passphrase needs to be changed!!!
[Fri Dec 26 20:36:33 2014] [debug] GET "/".
[Fri Dec 26 20:36:33 2014] [debug] Routing to controller "AnkenKanri::WEB::Member::Root" and action "index".
[Fri Dec 26 20:36:33 2014] [debug] Rendering template "member/root/index.html.ep".
[Fri Dec 26 20:36:33 2014] [debug] 200 OK (0.099378s, 10.063/s).
[Fri Dec 26 20:36:57 2014] [debug] Reading configuration file "/cygdrive/c/Users/J34437/work/carton_test/anken_kanri_web/etc/kintone.conf".
[Fri Dec 26 20:37:00 2014] [debug] Your secret passphrase needs to be changed!!!
[Fri Dec 26 20:37:00 2014] [debug] GET "/".
[Fri Dec 26 20:37:00 2014] [debug] Routing to controller "AnkenKanri::WEB::Member::Root" and action "index".
[Fri Dec 26 20:37:00 2014] [debug] Rendering template "member/root/index.html.ep".
[Fri Dec 26 20:37:00 2014] [debug] 200 OK (0.109053s, 9.170/s).
[Fri Dec 26 20:37:03 2014] [debug] POST "/kintone".
[Fri Dec 26 20:37:03 2014] [debug] Routing to controller "AnkenKanri::WEB::Kintone::Root" and action "search".
[Fri Dec 26 20:37:03 2014] [debug] 200 OK (0.004799s, 208.377/s).
[Fri Dec 26 20:37:52 2014] [debug] Reading configuration file "/cygdrive/c/Users/J34437/work/carton_test/anken_kanri_web/etc/kintone.conf".
[Fri Dec 26 20:38:12 2014] [debug] Reading configuration file "/cygdrive/c/Users/J34437/work/carton_test/anken_kanri_web/etc/kintone.conf".
[Fri Dec 26 20:38:15 2014] [debug] Your secret passphrase needs to be changed!!!
[Fri Dec 26 20:38:15 2014] [debug] GET "/".
[Fri Dec 26 20:38:15 2014] [debug] Routing to controller "AnkenKanri::WEB::Member::Root" and action "index".
[Fri Dec 26 20:38:15 2014] [debug] Rendering template "member/root/index.html.ep".
[Fri Dec 26 20:38:15 2014] [debug] 200 OK (0.110559s, 9.045/s).
[Fri Dec 26 20:38:17 2014] [debug] POST "/kintone".
[Fri Dec 26 20:38:17 2014] [debug] Routing to controller "AnkenKanri::WEB::Kintone::Root" and action "search".
[Fri Dec 26 20:38:17 2014] [debug] 200 OK (0.004058s, 246.427/s).
[Fri Dec 26 20:39:00 2014] [debug] POST "/kintone".
[Fri Dec 26 20:39:00 2014] [debug] Routing to controller "AnkenKanri::WEB::Kintone::Root" and action "search".
[Fri Dec 26 20:39:00 2014] [debug] 200 OK (0.004000s, 250.000/s).
[Fri Dec 26 20:39:02 2014] [debug] POST "/kintone".
[Fri Dec 26 20:39:02 2014] [debug] Routing to controller "AnkenKanri::WEB::Kintone::Root" and action "search".
[Fri Dec 26 20:39:02 2014] [debug] 200 OK (0.003545s, 282.087/s).
[Fri Dec 26 20:39:03 2014] [debug] POST "/kintone".
[Fri Dec 26 20:39:03 2014] [debug] Routing to controller "AnkenKanri::WEB::Kintone::Root" and action "search".
[Fri Dec 26 20:39:03 2014] [debug] 200 OK (0.003548s, 281.849/s).
[Fri Dec 26 20:39:03 2014] [debug] POST "/kintone".
[Fri Dec 26 20:39:03 2014] [debug] Routing to controller "AnkenKanri::WEB::Kintone::Root" and action "search".
[Fri Dec 26 20:39:03 2014] [debug] 200 OK (0.008858s, 112.892/s).
[Fri Dec 26 20:39:04 2014] [debug] POST "/kintone".
[Fri Dec 26 20:39:04 2014] [debug] Routing to controller "AnkenKanri::WEB::Kintone::Root" and action "search".
[Fri Dec 26 20:39:04 2014] [debug] 200 OK (0.003094s, 323.206/s).
[Fri Dec 26 20:40:13 2014] [debug] Reading configuration file "/cygdrive/c/Users/J34437/work/carton_test/anken_kanri_web/etc/kintone.conf".
[Fri Dec 26 20:40:14 2014] [debug] Your secret passphrase needs to be changed!!!
[Fri Dec 26 20:40:14 2014] [debug] GET "/".
[Fri Dec 26 20:40:14 2014] [debug] Routing to controller "AnkenKanri::WEB::Member::Root" and action "index".
[Fri Dec 26 20:40:14 2014] [debug] Rendering template "member/root/index.html.ep".
[Fri Dec 26 20:40:14 2014] [debug] 200 OK (0.113930s, 8.777/s).
[Fri Dec 26 20:40:16 2014] [debug] POST "/kintone".
[Fri Dec 26 20:40:16 2014] [debug] Routing to controller "AnkenKanri::WEB::Kintone::Root" and action "search".
[Fri Dec 26 20:40:16 2014] [debug] 200 OK (0.010570s, 94.607/s).
[Fri Dec 26 20:40:17 2014] [debug] POST "/kintone".
[Fri Dec 26 20:40:17 2014] [debug] Routing to controller "AnkenKanri::WEB::Kintone::Root" and action "search".
[Fri Dec 26 20:40:17 2014] [debug] 200 OK (0.006316s, 158.328/s).
[Fri Dec 26 20:40:18 2014] [debug] POST "/kintone".
[Fri Dec 26 20:40:18 2014] [debug] Routing to controller "AnkenKanri::WEB::Kintone::Root" and action "search".
[Fri Dec 26 20:40:18 2014] [debug] 200 OK (0.003130s, 319.489/s).
[Fri Dec 26 20:40:18 2014] [debug] POST "/kintone".
[Fri Dec 26 20:40:18 2014] [debug] Routing to controller "AnkenKanri::WEB::Kintone::Root" and action "search".
[Fri Dec 26 20:40:18 2014] [debug] 200 OK (0.003280s, 304.878/s).
[Fri Dec 26 20:41:36 2014] [debug] Reading configuration file "/cygdrive/c/Users/J34437/work/carton_test/anken_kanri_web/etc/kintone.conf".
[Fri Dec 26 20:41:39 2014] [debug] Your secret passphrase needs to be changed!!!
[Fri Dec 26 20:41:39 2014] [debug] POST "/kintone".
[Fri Dec 26 20:41:39 2014] [debug] Routing to controller "AnkenKanri::WEB::Kintone::Root" and action "search".
[Fri Dec 26 20:41:39 2014] [debug] 200 OK (0.076474s, 13.076/s).
[Fri Dec 26 20:41:44 2014] [debug] POST "/kintone".
[Fri Dec 26 20:41:44 2014] [debug] Routing to controller "AnkenKanri::WEB::Kintone::Root" and action "search".
[Fri Dec 26 20:41:44 2014] [debug] 200 OK (0.009902s, 100.990/s).
[Fri Dec 26 20:41:54 2014] [debug] Reading configuration file "/cygdrive/c/Users/J34437/work/carton_test/anken_kanri_web/etc/kintone.conf".
[Fri Dec 26 20:42:35 2014] [debug] Reading configuration file "/cygdrive/c/Users/J34437/work/carton_test/anken_kanri_web/etc/kintone.conf".
[Fri Dec 26 20:42:37 2014] [debug] Your secret passphrase needs to be changed!!!
[Fri Dec 26 20:42:37 2014] [debug] GET "/".
[Fri Dec 26 20:42:37 2014] [debug] Routing to controller "AnkenKanri::WEB::Member::Root" and action "index".
[Fri Dec 26 20:42:37 2014] [debug] Rendering template "member/root/index.html.ep".
[Fri Dec 26 20:42:37 2014] [debug] 200 OK (0.101791s, 9.824/s).
[Fri Dec 26 20:43:10 2014] [debug] Reading configuration file "/cygdrive/c/Users/J34437/work/carton_test/anken_kanri_web/etc/kintone.conf".
[Fri Dec 26 20:43:10 2014] [debug] Your secret passphrase needs to be changed!!!
[Fri Dec 26 20:43:10 2014] [debug] GET "/".
[Fri Dec 26 20:43:11 2014] [debug] Routing to controller "AnkenKanri::WEB::Member::Root" and action "index".
[Fri Dec 26 20:43:11 2014] [debug] Rendering template "member/root/index.html.ep".
[Fri Dec 26 20:43:11 2014] [debug] 200 OK (0.105574s, 9.472/s).
[Fri Dec 26 20:43:25 2014] [debug] Reading configuration file "/cygdrive/c/Users/J34437/work/carton_test/anken_kanri_web/etc/kintone.conf".
[Fri Dec 26 20:43:25 2014] [debug] Your secret passphrase needs to be changed!!!
[Fri Dec 26 20:43:25 2014] [debug] GET "/".
[Fri Dec 26 20:43:26 2014] [debug] Routing to controller "AnkenKanri::WEB::Member::Root" and action "index".
[Fri Dec 26 20:43:26 2014] [debug] Rendering template "member/root/index.html.ep".
[Fri Dec 26 20:43:26 2014] [debug] 200 OK (0.109455s, 9.136/s).
[Fri Dec 26 20:43:38 2014] [debug] Reading configuration file "/cygdrive/c/Users/J34437/work/carton_test/anken_kanri_web/etc/kintone.conf".
[Fri Dec 26 20:43:39 2014] [debug] Your secret passphrase needs to be changed!!!
[Fri Dec 26 20:43:39 2014] [debug] GET "/".
[Fri Dec 26 20:43:39 2014] [debug] Routing to controller "AnkenKanri::WEB::Member::Root" and action "index".
[Fri Dec 26 20:43:39 2014] [debug] Rendering template "member/root/index.html.ep".
[Fri Dec 26 20:43:39 2014] [debug] 200 OK (0.107307s, 9.319/s).
[Fri Dec 26 20:44:01 2014] [debug] Reading configuration file "/cygdrive/c/Users/J34437/work/carton_test/anken_kanri_web/etc/kintone.conf".
[Fri Dec 26 20:44:03 2014] [debug] Your secret passphrase needs to be changed!!!
[Fri Dec 26 20:44:03 2014] [debug] GET "/".
[Fri Dec 26 20:44:03 2014] [debug] Routing to controller "AnkenKanri::WEB::Member::Root" and action "index".
[Fri Dec 26 20:44:03 2014] [debug] Rendering template "member/root/index.html.ep".
[Fri Dec 26 20:44:03 2014] [debug] 200 OK (0.142303s, 7.027/s).
[Fri Dec 26 20:48:18 2014] [debug] Reading configuration file "/cygdrive/c/Users/J34437/work/carton_test/anken_kanri_web/etc/kintone.conf".
[Fri Dec 26 20:48:18 2014] [debug] Your secret passphrase needs to be changed!!!
[Fri Dec 26 20:48:18 2014] [debug] GET "/".
[Fri Dec 26 20:48:18 2014] [debug] Routing to controller "AnkenKanri::WEB::Member::Root" and action "index".
[Fri Dec 26 20:48:18 2014] [debug] Rendering template "member/root/index.html.ep".
[Fri Dec 26 20:48:18 2014] [debug] 200 OK (0.108743s, 9.196/s).
[Fri Dec 26 20:48:38 2014] [debug] Reading configuration file "/cygdrive/c/Users/J34437/work/carton_test/anken_kanri_web/etc/kintone.conf".
[Fri Dec 26 20:48:38 2014] [debug] Your secret passphrase needs to be changed!!!
[Fri Dec 26 20:48:38 2014] [debug] GET "/".
[Fri Dec 26 20:48:38 2014] [debug] Routing to controller "AnkenKanri::WEB::Member::Root" and action "index".
[Fri Dec 26 20:48:38 2014] [debug] Rendering template "member/root/index.html.ep".
[Fri Dec 26 20:48:38 2014] [debug] 200 OK (0.104659s, 9.555/s).
[Fri Dec 26 20:55:51 2014] [debug] Reading configuration file "/cygdrive/c/Users/J34437/work/carton_test/anken_kanri_web/etc/kintone.conf".
[Fri Dec 26 20:57:29 2014] [debug] Reading configuration file "/cygdrive/c/Users/J34437/work/carton_test/anken_kanri_web/etc/kintone.conf".
[Fri Dec 26 21:02:01 2014] [debug] Reading configuration file "/cygdrive/c/Users/J34437/work/carton_test/anken_kanri_web/etc/kintone.conf".
[Fri Dec 26 21:02:46 2014] [debug] Reading configuration file "/cygdrive/c/Users/J34437/work/carton_test/anken_kanri_web/etc/kintone.conf".
[Fri Dec 26 21:03:47 2014] [debug] Reading configuration file "/cygdrive/c/Users/J34437/work/carton_test/anken_kanri_web/etc/kintone.conf".
[Fri Dec 26 21:05:14 2014] [debug] Reading configuration file "/cygdrive/c/Users/J34437/work/carton_test/anken_kanri_web/etc/kintone.conf".
[Fri Dec 26 21:06:01 2014] [debug] Reading configuration file "/cygdrive/c/Users/J34437/work/carton_test/anken_kanri_web/etc/kintone.conf".
[Fri Dec 26 21:06:42 2014] [debug] Reading configuration file "/cygdrive/c/Users/J34437/work/carton_test/anken_kanri_web/etc/kintone.conf".
[Fri Dec 26 21:06:48 2014] [debug] Reading configuration file "/cygdrive/c/Users/J34437/work/carton_test/anken_kanri_web/etc/kintone.conf".
[Fri Dec 26 21:07:03 2014] [debug] Reading configuration file "/cygdrive/c/Users/J34437/work/carton_test/anken_kanri_web/etc/kintone.conf".
[Fri Dec 26 21:07:26 2014] [debug] Reading configuration file "/cygdrive/c/Users/J34437/work/carton_test/anken_kanri_web/etc/kintone.conf".
[Fri Dec 26 21:08:07 2014] [debug] Reading configuration file "/cygdrive/c/Users/J34437/work/carton_test/anken_kanri_web/etc/kintone.conf".
[Fri Dec 26 21:08:22 2014] [debug] Reading configuration file "/cygdrive/c/Users/J34437/work/carton_test/anken_kanri_web/etc/kintone.conf".
[Fri Dec 26 21:08:45 2014] [debug] Your secret passphrase needs to be changed!!!
[Fri Dec 26 21:08:45 2014] [debug] GET "/".
[Fri Dec 26 21:08:45 2014] [error] Scalar found where operator expected at /cygdrive/c/Users/J34437/work/carton_test/anken_kanri_web/script/../lib/Kintone.pm line 71, near "$client"
Compilation failed in require at /cygdrive/c/Users/J34437/work/carton_test/anken_kanri_web/script/../lib/AnkenKanri/WEB/Member/Root.pm line 3.
BEGIN failed--compilation aborted at /cygdrive/c/Users/J34437/work/carton_test/anken_kanri_web/script/../lib/AnkenKanri/WEB/Member/Root.pm line 3.
Compilation failed in require at (eval 274) line 1.

[Fri Dec 26 21:08:45 2014] [debug] Template "exception.development.html.ep" not found.
[Fri Dec 26 21:08:45 2014] [debug] Template "exception.html.ep" not found.
[Fri Dec 26 21:08:45 2014] [debug] Rendering inline template "3e3201ab0667c1fc7f39089209f0435c".
[Fri Dec 26 21:08:45 2014] [debug] Rendering inline template "b2d451b47e2053ce583cbfdf7bcc6006".
[Fri Dec 26 21:08:45 2014] [debug] 500 Internal Server Error (0.109524s, 9.130/s).
[Fri Dec 26 21:09:26 2014] [debug] Reading configuration file "/cygdrive/c/Users/J34437/work/carton_test/anken_kanri_web/etc/kintone.conf".
[Fri Dec 26 21:09:54 2014] [debug] Reading configuration file "/cygdrive/c/Users/J34437/work/carton_test/anken_kanri_web/etc/kintone.conf".
[Fri Dec 26 21:09:56 2014] [debug] Your secret passphrase needs to be changed!!!
[Fri Dec 26 21:09:56 2014] [debug] GET "/".
[Fri Dec 26 21:09:56 2014] [debug] Routing to controller "AnkenKanri::WEB::Member::Root" and action "index".
[Fri Dec 26 21:09:56 2014] [debug] Rendering template "member/root/index.html.ep".
[Fri Dec 26 21:09:56 2014] [debug] 200 OK (0.104972s, 9.526/s).
[Fri Dec 26 21:10:02 2014] [debug] POST "/kintone".
[Fri Dec 26 21:10:02 2014] [debug] Routing to controller "AnkenKanri::WEB::Kintone::Root" and action "search".
[Fri Dec 26 21:10:02 2014] [debug] 200 OK (0.553055s, 1.808/s).
[Fri Dec 26 21:11:52 2014] [debug] Reading configuration file "/cygdrive/c/Users/J34437/work/carton_test/anken_kanri_web/etc/kintone.conf".
[Fri Dec 26 21:11:54 2014] [debug] Your secret passphrase needs to be changed!!!
[Fri Dec 26 21:11:54 2014] [debug] GET "/".
[Fri Dec 26 21:11:54 2014] [debug] Routing to controller "AnkenKanri::WEB::Member::Root" and action "index".
[Fri Dec 26 21:11:54 2014] [debug] Rendering template "member/root/index.html.ep".
[Fri Dec 26 21:11:54 2014] [debug] 200 OK (0.102727s, 9.735/s).
[Fri Dec 26 21:12:04 2014] [debug] Reading configuration file "/cygdrive/c/Users/J34437/work/carton_test/anken_kanri_web/etc/kintone.conf".
[Fri Dec 26 21:12:05 2014] [debug] Your secret passphrase needs to be changed!!!
[Fri Dec 26 21:12:05 2014] [debug] GET "/".
[Fri Dec 26 21:12:05 2014] [debug] Routing to controller "AnkenKanri::WEB::Member::Root" and action "index".
[Fri Dec 26 21:12:05 2014] [debug] Rendering template "member/root/index.html.ep".
[Fri Dec 26 21:12:05 2014] [debug] 200 OK (0.102477s, 9.758/s).
[Fri Dec 26 21:12:33 2014] [debug] Reading configuration file "/cygdrive/c/Users/J34437/work/carton_test/anken_kanri_web/etc/kintone.conf".
[Fri Dec 26 21:12:33 2014] [debug] Your secret passphrase needs to be changed!!!
[Fri Dec 26 21:12:33 2014] [debug] GET "/".
[Fri Dec 26 21:12:33 2014] [debug] Routing to controller "AnkenKanri::WEB::Member::Root" and action "index".
[Fri Dec 26 21:12:33 2014] [debug] Rendering template "member/root/index.html.ep".
[Fri Dec 26 21:12:33 2014] [debug] 200 OK (0.096614s, 10.350/s).
[Fri Dec 26 21:12:50 2014] [debug] Reading configuration file "/cygdrive/c/Users/J34437/work/carton_test/anken_kanri_web/etc/kintone.conf".
[Fri Dec 26 21:12:51 2014] [debug] Your secret passphrase needs to be changed!!!
[Fri Dec 26 21:12:51 2014] [debug] GET "/".
[Fri Dec 26 21:12:52 2014] [debug] Routing to controller "AnkenKanri::WEB::Member::Root" and action "index".
[Fri Dec 26 21:12:52 2014] [debug] Rendering template "member/root/index.html.ep".
[Fri Dec 26 21:12:52 2014] [debug] 200 OK (0.110729s, 9.031/s).
[Fri Dec 26 21:13:09 2014] [debug] Reading configuration file "/cygdrive/c/Users/J34437/work/carton_test/anken_kanri_web/etc/kintone.conf".
[Fri Dec 26 21:13:10 2014] [debug] Your secret passphrase needs to be changed!!!
[Fri Dec 26 21:13:10 2014] [debug] GET "/".
[Fri Dec 26 21:13:10 2014] [debug] Routing to controller "AnkenKanri::WEB::Member::Root" and action "index".
[Fri Dec 26 21:13:10 2014] [debug] Rendering template "member/root/index.html.ep".
[Fri Dec 26 21:13:10 2014] [debug] 200 OK (0.096562s, 10.356/s).
[Fri Dec 26 21:13:13 2014] [debug] POST "/kintone".
[Fri Dec 26 21:13:13 2014] [debug] Routing to controller "AnkenKanri::WEB::Kintone::Root" and action "search".
[Fri Dec 26 21:13:13 2014] [debug] 200 OK (0.324573s, 3.081/s).
[Fri Dec 26 21:13:45 2014] [debug] Reading configuration file "/cygdrive/c/Users/J34437/work/carton_test/anken_kanri_web/etc/kintone.conf".
[Fri Dec 26 21:14:02 2014] [debug] Reading configuration file "/cygdrive/c/Users/J34437/work/carton_test/anken_kanri_web/etc/kintone.conf".
[Fri Dec 26 21:14:03 2014] [debug] Your secret passphrase needs to be changed!!!
[Fri Dec 26 21:14:03 2014] [debug] GET "/".
[Fri Dec 26 21:14:03 2014] [debug] Routing to controller "AnkenKanri::WEB::Member::Root" and action "index".
[Fri Dec 26 21:14:03 2014] [debug] Rendering template "member/root/index.html.ep".
[Fri Dec 26 21:14:03 2014] [debug] 200 OK (0.124813s, 8.012/s).
[Fri Dec 26 21:14:06 2014] [debug] POST "/kintone".
[Fri Dec 26 21:14:06 2014] [debug] Routing to controller "AnkenKanri::WEB::Kintone::Root" and action "search".
[Fri Dec 26 21:14:07 2014] [debug] 200 OK (0.462209s, 2.164/s).
[Fri Dec 26 21:14:18 2014] [debug] Reading configuration file "/cygdrive/c/Users/J34437/work/carton_test/anken_kanri_web/etc/kintone.conf".
[Fri Dec 26 21:14:23 2014] [debug] Reading configuration file "/cygdrive/c/Users/J34437/work/carton_test/anken_kanri_web/etc/kintone.conf".
[Fri Dec 26 21:19:00 2014] [debug] Reading configuration file "/cygdrive/c/Users/J34437/work/carton_test/anken_kanri_web/etc/kintone.conf".
[Fri Dec 26 21:19:34 2014] [debug] Reading configuration file "/cygdrive/c/Users/J34437/work/carton_test/anken_kanri_web/etc/kintone.conf".
[Fri Dec 26 21:19:44 2014] [debug] Your secret passphrase needs to be changed!!!
[Fri Dec 26 21:19:44 2014] [debug] GET "/".
[Fri Dec 26 21:19:44 2014] [debug] Routing to controller "AnkenKanri::WEB::Member::Root" and action "index".
[Fri Dec 26 21:19:44 2014] [debug] Rendering template "member/root/index.html.ep".
[Fri Dec 26 21:19:44 2014] [debug] 200 OK (0.102080s, 9.796/s).
[Fri Dec 26 21:19:48 2014] [debug] POST "/kintone".
[Fri Dec 26 21:19:48 2014] [debug] Routing to controller "AnkenKanri::WEB::Kintone::Root" and action "search".
[Fri Dec 26 21:19:48 2014] [debug] 200 OK (0.398834s, 2.507/s).
[Fri Dec 26 21:21:49 2014] [debug] Reading configuration file "/cygdrive/c/Users/J34437/work/carton_test/anken_kanri_web/etc/kintone.conf".
[Fri Dec 26 21:21:51 2014] [debug] Your secret passphrase needs to be changed!!!
[Fri Dec 26 21:21:51 2014] [debug] GET "/".
[Fri Dec 26 21:21:51 2014] [debug] Routing to controller "AnkenKanri::WEB::Member::Root" and action "index".
[Fri Dec 26 21:21:51 2014] [debug] Rendering template "member/root/index.html.ep".
[Fri Dec 26 21:21:51 2014] [debug] 200 OK (0.104389s, 9.580/s).
[Fri Dec 26 21:21:54 2014] [debug] POST "/kintone".
[Fri Dec 26 21:21:54 2014] [debug] Routing to controller "AnkenKanri::WEB::Kintone::Root" and action "search".
[Fri Dec 26 21:21:54 2014] [debug] 200 OK (0.443170s, 2.256/s).
[Fri Dec 26 21:22:42 2014] [debug] Reading configuration file "/cygdrive/c/Users/J34437/work/carton_test/anken_kanri_web/etc/kintone.conf".
[Fri Dec 26 21:23:30 2014] [debug] Reading configuration file "/cygdrive/c/Users/J34437/work/carton_test/anken_kanri_web/etc/kintone.conf".
[Fri Dec 26 21:23:31 2014] [debug] Your secret passphrase needs to be changed!!!
[Fri Dec 26 21:23:31 2014] [debug] GET "/".
[Fri Dec 26 21:23:31 2014] [debug] Routing to controller "AnkenKanri::WEB::Member::Root" and action "index".
[Fri Dec 26 21:23:31 2014] [debug] Rendering template "member/root/index.html.ep".
[Fri Dec 26 21:23:31 2014] [debug] 200 OK (0.097061s, 10.303/s).
[Fri Dec 26 21:24:03 2014] [debug] Reading configuration file "/cygdrive/c/Users/J34437/work/carton_test/anken_kanri_web/etc/kintone.conf".
[Fri Dec 26 21:25:00 2014] [debug] Reading configuration file "/cygdrive/c/Users/J34437/work/carton_test/anken_kanri_web/etc/kintone.conf".
[Fri Dec 26 21:25:00 2014] [debug] Your secret passphrase needs to be changed!!!
[Fri Dec 26 21:25:00 2014] [debug] GET "/".
[Fri Dec 26 21:25:00 2014] [debug] Routing to controller "AnkenKanri::WEB::Member::Root" and action "index".
[Fri Dec 26 21:25:00 2014] [debug] Rendering template "member/root/index.html.ep".
[Fri Dec 26 21:25:00 2014] [debug] 200 OK (0.107624s, 9.292/s).
[Fri Dec 26 21:25:32 2014] [debug] Reading configuration file "/cygdrive/c/Users/J34437/work/carton_test/anken_kanri_web/etc/kintone.conf".
[Fri Dec 26 21:25:34 2014] [debug] Your secret passphrase needs to be changed!!!
[Fri Dec 26 21:25:34 2014] [debug] GET "/".
[Fri Dec 26 21:25:35 2014] [debug] Routing to controller "AnkenKanri::WEB::Member::Root" and action "index".
[Fri Dec 26 21:25:35 2014] [debug] Rendering template "member/root/index.html.ep".
[Fri Dec 26 21:25:35 2014] [debug] 200 OK (0.117667s, 8.499/s).
[Fri Dec 26 21:25:43 2014] [debug] GET "/".
[Fri Dec 26 21:25:43 2014] [debug] Routing to controller "AnkenKanri::WEB::Member::Root" and action "index".
[Fri Dec 26 21:25:43 2014] [debug] Rendering cached template "member/root/index.html.ep".
[Fri Dec 26 21:25:43 2014] [debug] 200 OK (0.003810s, 262.467/s).
[Fri Dec 26 21:25:43 2014] [debug] Reading configuration file "/cygdrive/c/Users/J34437/work/carton_test/anken_kanri_web/etc/kintone.conf".
[Fri Dec 26 21:25:43 2014] [debug] Your secret passphrase needs to be changed!!!
[Fri Dec 26 21:26:00 2014] [debug] Reading configuration file "/cygdrive/c/Users/J34437/work/carton_test/anken_kanri_web/etc/kintone.conf".
[Fri Dec 26 21:26:46 2014] [debug] Reading configuration file "/cygdrive/c/Users/J34437/work/carton_test/anken_kanri_web/etc/kintone.conf".
[Fri Dec 26 21:26:47 2014] [debug] Reading configuration file "/cygdrive/c/Users/J34437/work/carton_test/anken_kanri_web/etc/kintone.conf".
[Fri Dec 26 21:27:12 2014] [debug] Reading configuration file "/cygdrive/c/Users/J34437/work/carton_test/anken_kanri_web/etc/kintone.conf".
[Fri Dec 26 21:27:15 2014] [debug] Your secret passphrase needs to be changed!!!
[Fri Dec 26 21:27:15 2014] [debug] GET "/".
[Fri Dec 26 21:27:15 2014] [debug] Routing to controller "AnkenKanri::WEB::Member::Root" and action "index".
[Fri Dec 26 21:27:15 2014] [debug] Rendering template "member/root/index.html.ep".
[Fri Dec 26 21:27:15 2014] [debug] 200 OK (0.098356s, 10.167/s).
[Fri Dec 26 21:27:18 2014] [debug] POST "/kintone".
[Fri Dec 26 21:27:18 2014] [debug] Routing to controller "AnkenKanri::WEB::Kintone::Root" and action "search".
[Fri Dec 26 21:27:19 2014] [debug] 200 OK (0.529053s, 1.890/s).
[Fri Dec 26 21:27:29 2014] [debug] Reading configuration file "/cygdrive/c/Users/J34437/work/carton_test/anken_kanri_web/etc/kintone.conf".
[Fri Dec 26 21:27:29 2014] [debug] Your secret passphrase needs to be changed!!!
[Fri Dec 26 21:27:29 2014] [debug] GET "/".
[Fri Dec 26 21:27:29 2014] [debug] Routing to controller "AnkenKanri::WEB::Member::Root" and action "index".
[Fri Dec 26 21:27:29 2014] [debug] Rendering template "member/root/index.html.ep".
[Fri Dec 26 21:27:29 2014] [debug] 200 OK (0.111181s, 8.994/s).
[Fri Dec 26 21:27:41 2014] [debug] Reading configuration file "/cygdrive/c/Users/J34437/work/carton_test/anken_kanri_web/etc/kintone.conf".
[Fri Dec 26 21:27:50 2014] [debug] Reading configuration file "/cygdrive/c/Users/J34437/work/carton_test/anken_kanri_web/etc/kintone.conf".
[Fri Dec 26 21:27:52 2014] [debug] Your secret passphrase needs to be changed!!!
[Fri Dec 26 21:27:52 2014] [debug] GET "/".
[Fri Dec 26 21:27:52 2014] [debug] Routing to controller "AnkenKanri::WEB::Member::Root" and action "index".
[Fri Dec 26 21:27:52 2014] [debug] Rendering template "member/root/index.html.ep".
[Fri Dec 26 21:27:52 2014] [debug] 200 OK (0.104589s, 9.561/s).
[Fri Dec 26 21:28:03 2014] [debug] Reading configuration file "/cygdrive/c/Users/J34437/work/carton_test/anken_kanri_web/etc/kintone.conf".
[Fri Dec 26 21:28:03 2014] [debug] Your secret passphrase needs to be changed!!!
[Fri Dec 26 21:28:03 2014] [debug] GET "/".
[Fri Dec 26 21:28:03 2014] [debug] Routing to controller "AnkenKanri::WEB::Member::Root" and action "index".
[Fri Dec 26 21:28:03 2014] [debug] Rendering template "member/root/index.html.ep".
[Fri Dec 26 21:28:03 2014] [debug] 200 OK (0.103981s, 9.617/s).
[Fri Dec 26 21:28:10 2014] [debug] Reading configuration file "/cygdrive/c/Users/J34437/work/carton_test/anken_kanri_web/etc/kintone.conf".
[Fri Dec 26 21:28:22 2014] [debug] Reading configuration file "/cygdrive/c/Users/J34437/work/carton_test/anken_kanri_web/etc/kintone.conf".
[Fri Dec 26 21:28:23 2014] [debug] Your secret passphrase needs to be changed!!!
[Fri Dec 26 21:28:23 2014] [debug] GET "/".
[Fri Dec 26 21:28:23 2014] [debug] Routing to controller "AnkenKanri::WEB::Member::Root" and action "index".
[Fri Dec 26 21:28:23 2014] [debug] Rendering template "member/root/index.html.ep".
[Fri Dec 26 21:28:23 2014] [debug] 200 OK (0.111197s, 8.993/s).
[Fri Dec 26 21:28:25 2014] [debug] POST "/kintone".
[Fri Dec 26 21:28:25 2014] [debug] Routing to controller "AnkenKanri::WEB::Kintone::Root" and action "search".
[Fri Dec 26 21:28:25 2014] [debug] 200 OK (0.323635s, 3.090/s).
[Fri Dec 26 21:29:01 2014] [debug] Reading configuration file "/cygdrive/c/Users/J34437/work/carton_test/anken_kanri_web/etc/kintone.conf".
[Fri Dec 26 21:29:14 2014] [debug] Reading configuration file "/cygdrive/c/Users/J34437/work/carton_test/anken_kanri_web/etc/kintone.conf".
[Fri Dec 26 21:29:15 2014] [debug] Your secret passphrase needs to be changed!!!
[Fri Dec 26 21:29:15 2014] [debug] POST "/kintone".
[Fri Dec 26 21:29:15 2014] [debug] Routing to controller "AnkenKanri::WEB::Kintone::Root" and action "search".
[Fri Dec 26 21:29:15 2014] [debug] 200 OK (0.472116s, 2.118/s).
[Fri Dec 26 21:29:16 2014] [debug] POST "/kintone".
[Fri Dec 26 21:29:16 2014] [debug] Routing to controller "AnkenKanri::WEB::Kintone::Root" and action "search".
[Fri Dec 26 21:29:17 2014] [debug] 200 OK (0.440153s, 2.272/s).
[Fri Dec 26 21:29:17 2014] [debug] POST "/kintone".
[Fri Dec 26 21:29:17 2014] [debug] Routing to controller "AnkenKanri::WEB::Kintone::Root" and action "search".
[Fri Dec 26 21:29:17 2014] [debug] 200 OK (0.240806s, 4.153/s).
